d:\subject\игил2\кгиг\cgg 9\cgg 9\x64\debug\vc141.pdb
d:\subject\игил2\кгиг\cgg 9\cgg 9\x64\debug\vc141.idb
d:\subject\игил2\кгиг\cgg 9\cgg 9\x64\debug\mainfrm.obj
d:\subject\игил2\кгиг\cgg 9\cgg 9\x64\debug\libchart2d.obj
d:\subject\игил2\кгиг\cgg 9\cgg 9\x64\debug\childview.obj
d:\subject\игил2\кгиг\cgg 9\cgg 9\x64\debug\cgg 9.obj
d:\subject\игил2\кгиг\cgg 9\cgg 9\x64\debug\cgg 9.pch
d:\subject\игил2\кгиг\cgg 9\cgg 9\x64\debug\stdafx.obj
d:\subject\игил2\кгиг\cgg 9\cgg 9\x64\debug\cmatrix.obj
d:\subject\игил2\кгиг\cgg 9\x64\debug\cgg 9.exe
d:\subject\игил2\кгиг\cgg 9\x64\debug\cgg 9.ilk
d:\subject\игил2\кгиг\cgg 9\x64\debug\cgg 9.pdb
d:\subject\игил2\кгиг\cgg 9\cgg 9\x64\debug\cgg 9.res
d:\subject\игил2\кгиг\cgg 9\cgg 9\x64\debug\cgg 9.tlog\cl.command.1.tlog
d:\subject\игил2\кгиг\cgg 9\cgg 9\x64\debug\cgg 9.tlog\cl.read.1.tlog
d:\subject\игил2\кгиг\cgg 9\cgg 9\x64\debug\cgg 9.tlog\cl.write.1.tlog
d:\subject\игил2\кгиг\cgg 9\cgg 9\x64\debug\cgg 9.tlog\link.command.1.tlog
d:\subject\игил2\кгиг\cgg 9\cgg 9\x64\debug\cgg 9.tlog\link.read.1.tlog
d:\subject\игил2\кгиг\cgg 9\cgg 9\x64\debug\cgg 9.tlog\link.write.1.tlog
d:\subject\игил2\кгиг\cgg 9\cgg 9\x64\debug\cgg 9.tlog\rc.command.1.tlog
d:\subject\игил2\кгиг\cgg 9\cgg 9\x64\debug\cgg 9.tlog\rc.read.1.tlog
d:\subject\игил2\кгиг\cgg 9\cgg 9\x64\debug\cgg 9.tlog\rc.write.1.tlog
